{"E:\\Projekty\\10Zadań\\tasks\\canScramble\\canScramble.js": {"path":"E:\\Projekty\\10Zadań\\tasks\\canScramble\\canScramble.js","statementMap":{"0":{"start":{"line":2,"column":2},"end":{"line":2,"column":71}},"1":{"start":{"line":5,"column":0},"end":{"line":5,"column":29}}},"fnMap":{"0":{"name":"canScramble","decl":{"start":{"line":1,"column":9},"end":{"line":1,"column":20}},"loc":{"start":{"line":1,"column":35},"end":{"line":3,"column":1}},"line":1}},"branchMap":{},"s":{"0":3,"1":1},"f":{"0":3},"b":{},"_coverageSchema":"1a1c01bbd47fc00a2c39e90264f33305004495a9","hash":"2520a1dadb848499f25c846213e056869d6e0356"}
,"E:\\Projekty\\10Zadań\\tasks\\fibonacci\\fibonacci.js": {"path":"E:\\Projekty\\10Zadań\\tasks\\fibonacci\\fibonacci.js","statementMap":{"0":{"start":{"line":2,"column":18},"end":{"line":2,"column":27}},"1":{"start":{"line":4,"column":4},"end":{"line":8,"column":5}},"2":{"start":{"line":5,"column":6},"end":{"line":7,"column":7}},"3":{"start":{"line":5,"column":19},"end":{"line":5,"column":20}},"4":{"start":{"line":6,"column":8},"end":{"line":6,"column":53}},"5":{"start":{"line":9,"column":6},"end":{"line":9,"column":28}},"6":{"start":{"line":12,"column":2},"end":{"line":12,"column":29}}},"fnMap":{"0":{"name":"fibonacci","decl":{"start":{"line":1,"column":9},"end":{"line":1,"column":18}},"loc":{"start":{"line":1,"column":23},"end":{"line":10,"column":3}},"line":1}},"branchMap":{"0":{"loc":{"start":{"line":4,"column":4},"end":{"line":8,"column":5}},"type":"if","locations":[{"start":{"line":4,"column":4},"end":{"line":8,"column":5}},{"start":{},"end":{}}],"line":4}},"s":{"0":2,"1":2,"2":1,"3":1,"4":13,"5":2,"6":1},"f":{"0":2},"b":{"0":[1,1]},"_coverageSchema":"1a1c01bbd47fc00a2c39e90264f33305004495a9","hash":"10de7f4bdaf377f91eaf97ab65a9550f64dcfbc0"}
,"E:\\Projekty\\10Zadań\\tasks\\fizzBuzz\\fizzBuzz.js": {"path":"E:\\Projekty\\10Zadań\\tasks\\fizzBuzz\\fizzBuzz.js","statementMap":{"0":{"start":{"line":3,"column":18},"end":{"line":3,"column":20}},"1":{"start":{"line":4,"column":1},"end":{"line":16,"column":2}},"2":{"start":{"line":4,"column":14},"end":{"line":4,"column":15}},"3":{"start":{"line":5,"column":3},"end":{"line":15,"column":23}},"4":{"start":{"line":6,"column":5},"end":{"line":6,"column":29}},"5":{"start":{"line":8,"column":8},"end":{"line":15,"column":23}},"6":{"start":{"line":9,"column":5},"end":{"line":9,"column":25}},"7":{"start":{"line":11,"column":8},"end":{"line":15,"column":23}},"8":{"start":{"line":13,"column":3},"end":{"line":13,"column":23}},"9":{"start":{"line":15,"column":8},"end":{"line":15,"column":23}},"10":{"start":{"line":17,"column":1},"end":{"line":17,"column":15}},"11":{"start":{"line":20,"column":0},"end":{"line":20,"column":26}}},"fnMap":{"0":{"name":"fizzBuzz","decl":{"start":{"line":2,"column":9},"end":{"line":2,"column":17}},"loc":{"start":{"line":2,"column":32},"end":{"line":18,"column":1}},"line":2}},"branchMap":{"0":{"loc":{"start":{"line":5,"column":3},"end":{"line":15,"column":23}},"type":"if","locations":[{"start":{"line":5,"column":3},"end":{"line":15,"column":23}},{"start":{"line":8,"column":8},"end":{"line":15,"column":23}}],"line":5},"1":{"loc":{"start":{"line":5,"column":6},"end":{"line":5,"column":30}},"type":"binary-expr","locations":[{"start":{"line":5,"column":6},"end":{"line":5,"column":16}},{"start":{"line":5,"column":20},"end":{"line":5,"column":30}}],"line":5},"2":{"loc":{"start":{"line":8,"column":8},"end":{"line":15,"column":23}},"type":"if","locations":[{"start":{"line":8,"column":8},"end":{"line":15,"column":23}},{"start":{"line":11,"column":8},"end":{"line":15,"column":23}}],"line":8},"3":{"loc":{"start":{"line":11,"column":8},"end":{"line":15,"column":23}},"type":"if","locations":[{"start":{"line":11,"column":8},"end":{"line":15,"column":23}},{"start":{"line":15,"column":8},"end":{"line":15,"column":23}}],"line":11}},"s":{"0":2,"1":2,"2":2,"3":202,"4":14,"5":188,"6":54,"7":134,"8":28,"9":106,"10":2,"11":1},"f":{"0":2},"b":{"0":[14,188],"1":[202,68],"2":[54,134],"3":[28,106]},"_coverageSchema":"1a1c01bbd47fc00a2c39e90264f33305004495a9","hash":"d39c7bef902b1933596d44b03ca301fe52f8bd38"}
,"E:\\Projekty\\10Zadań\\tasks\\flattenArray\\flattenArray.js": {"path":"E:\\Projekty\\10Zadań\\tasks\\flattenArray\\flattenArray.js","statementMap":{"0":{"start":{"line":2,"column":19},"end":{"line":2,"column":39}},"1":{"start":{"line":3,"column":4},"end":{"line":3,"column":18}},"2":{"start":{"line":6,"column":2},"end":{"line":6,"column":32}}},"fnMap":{"0":{"name":"flattenArray","decl":{"start":{"line":1,"column":9},"end":{"line":1,"column":21}},"loc":{"start":{"line":1,"column":29},"end":{"line":4,"column":3}},"line":1}},"branchMap":{},"s":{"0":2,"1":2,"2":1},"f":{"0":2},"b":{},"_coverageSchema":"1a1c01bbd47fc00a2c39e90264f33305004495a9","hash":"41b16b97ec83c96a2f0f9eacdd601b39c915bf5c"}
,"E:\\Projekty\\10Zadań\\tasks\\flipBit\\flipBit.js": {"path":"E:\\Projekty\\10Zadań\\tasks\\flipBit\\flipBit.js","statementMap":{"0":{"start":{"line":2,"column":4},"end":{"line":2,"column":27}},"1":{"start":{"line":6,"column":2},"end":{"line":6,"column":27}}},"fnMap":{"0":{"name":"flipBit","decl":{"start":{"line":1,"column":9},"end":{"line":1,"column":16}},"loc":{"start":{"line":1,"column":21},"end":{"line":3,"column":4}},"line":1}},"branchMap":{},"s":{"0":1,"1":1},"f":{"0":1},"b":{},"_coverageSchema":"1a1c01bbd47fc00a2c39e90264f33305004495a9","hash":"7302b7995fafe64b5da91aaa66322dcb0fc82053"}
,"E:\\Projekty\\10Zadań\\tasks\\integer-length\\integer-length.js": {"path":"E:\\Projekty\\10Zadań\\tasks\\integer-length\\integer-length.js","statementMap":{"0":{"start":{"line":2,"column":4},"end":{"line":2,"column":29}},"1":{"start":{"line":5,"column":2},"end":{"line":5,"column":33}}},"fnMap":{"0":{"name":"integerLength","decl":{"start":{"line":1,"column":9},"end":{"line":1,"column":22}},"loc":{"start":{"line":1,"column":32},"end":{"line":3,"column":3}},"line":1}},"branchMap":{},"s":{"0":1,"1":1},"f":{"0":1},"b":{},"_coverageSchema":"1a1c01bbd47fc00a2c39e90264f33305004495a9","hash":"a5cb69bf74f7e7a149b2edeeab0ff5b436df01c5"}
,"E:\\Projekty\\10Zadań\\tasks\\primeNumber\\primeNumber.js": {"path":"E:\\Projekty\\10Zadań\\tasks\\primeNumber\\primeNumber.js","statementMap":{"0":{"start":{"line":2,"column":16},"end":{"line":2,"column":20}},"1":{"start":{"line":3,"column":2},"end":{"line":3,"column":47}},"2":{"start":{"line":3,"column":33},"end":{"line":3,"column":47}},"3":{"start":{"line":4,"column":2},"end":{"line":9,"column":3}},"4":{"start":{"line":4,"column":15},"end":{"line":4,"column":16}},"5":{"start":{"line":5,"column":4},"end":{"line":8,"column":5}},"6":{"start":{"line":6,"column":6},"end":{"line":6,"column":22}},"7":{"start":{"line":7,"column":6},"end":{"line":7,"column":12}},"8":{"start":{"line":10,"column":2},"end":{"line":10,"column":17}},"9":{"start":{"line":13,"column":0},"end":{"line":13,"column":31}}},"fnMap":{"0":{"name":"isPrimeNumber","decl":{"start":{"line":1,"column":9},"end":{"line":1,"column":22}},"loc":{"start":{"line":1,"column":31},"end":{"line":11,"column":1}},"line":1}},"branchMap":{"0":{"loc":{"start":{"line":3,"column":2},"end":{"line":3,"column":47}},"type":"if","locations":[{"start":{"line":3,"column":2},"end":{"line":3,"column":47}},{"start":{},"end":{}}],"line":3},"1":{"loc":{"start":{"line":3,"column":5},"end":{"line":3,"column":31}},"type":"binary-expr","locations":[{"start":{"line":3,"column":5},"end":{"line":3,"column":16}},{"start":{"line":3,"column":20},"end":{"line":3,"column":31}}],"line":3},"2":{"loc":{"start":{"line":5,"column":4},"end":{"line":8,"column":5}},"type":"if","locations":[{"start":{"line":5,"column":4},"end":{"line":8,"column":5}},{"start":{},"end":{}}],"line":5}},"s":{"0":6,"1":6,"2":1,"3":5,"4":5,"5":66,"6":2,"7":2,"8":5,"9":1},"f":{"0":6},"b":{"0":[1,5],"1":[6,6],"2":[2,64]},"_coverageSchema":"1a1c01bbd47fc00a2c39e90264f33305004495a9","hash":"7481515f4b08203df593d894a5da8906e821d881"}
,"E:\\Projekty\\10Zadań\\tasks\\reverseWord\\reverseWord.js": {"path":"E:\\Projekty\\10Zadań\\tasks\\reverseWord\\reverseWord.js","statementMap":{"0":{"start":{"line":2,"column":2},"end":{"line":2,"column":42}},"1":{"start":{"line":5,"column":0},"end":{"line":5,"column":29}}},"fnMap":{"0":{"name":"reverseWord","decl":{"start":{"line":1,"column":9},"end":{"line":1,"column":20}},"loc":{"start":{"line":1,"column":27},"end":{"line":3,"column":1}},"line":1}},"branchMap":{},"s":{"0":1,"1":1},"f":{"0":1},"b":{},"_coverageSchema":"1a1c01bbd47fc00a2c39e90264f33305004495a9","hash":"0697b4ba359d3cd5bcd66369d8fb676570e068a3"}
,"E:\\Projekty\\10Zadań\\tasks\\sort-array\\sort-array.js": {"path":"E:\\Projekty\\10Zadań\\tasks\\sort-array\\sort-array.js","statementMap":{"0":{"start":{"line":2,"column":22},"end":{"line":2,"column":49}},"1":{"start":{"line":2,"column":43},"end":{"line":2,"column":48}},"2":{"start":{"line":3,"column":18},"end":{"line":3,"column":48}},"3":{"start":{"line":3,"column":31},"end":{"line":3,"column":48}},"4":{"start":{"line":4,"column":16},"end":{"line":4,"column":46}},"5":{"start":{"line":5,"column":2},"end":{"line":5,"column":37}},"6":{"start":{"line":9,"column":0},"end":{"line":9,"column":29}}},"fnMap":{"0":{"name":"sortAndFind","decl":{"start":{"line":1,"column":9},"end":{"line":1,"column":20}},"loc":{"start":{"line":1,"column":36},"end":{"line":7,"column":1}},"line":1},"1":{"name":"(anonymous_1)","decl":{"start":{"line":2,"column":33},"end":{"line":2,"column":34}},"loc":{"start":{"line":2,"column":43},"end":{"line":2,"column":48}},"line":2},"2":{"name":"(anonymous_2)","decl":{"start":{"line":3,"column":18},"end":{"line":3,"column":19}},"loc":{"start":{"line":3,"column":31},"end":{"line":3,"column":48}},"line":3}},"branchMap":{},"s":{"0":1,"1":7,"2":1,"3":5,"4":1,"5":1,"6":1},"f":{"0":1,"1":7,"2":5},"b":{},"_coverageSchema":"1a1c01bbd47fc00a2c39e90264f33305004495a9","hash":"0af87e2376ce442078f108ea0a72c04dedc03c06"}
,"E:\\Projekty\\10Zadań\\tasks\\sum-of-array-plus-one\\sum-array.js": {"path":"E:\\Projekty\\10Zadań\\tasks\\sum-of-array-plus-one\\sum-array.js","statementMap":{"0":{"start":{"line":4,"column":19},"end":{"line":4,"column":21}},"1":{"start":{"line":5,"column":2},"end":{"line":7,"column":5}},"2":{"start":{"line":6,"column":4},"end":{"line":6,"column":31}},"3":{"start":{"line":8,"column":12},"end":{"line":8,"column":13}},"4":{"start":{"line":9,"column":2},"end":{"line":11,"column":5}},"5":{"start":{"line":10,"column":4},"end":{"line":10,"column":18}},"6":{"start":{"line":12,"column":2},"end":{"line":12,"column":13}},"7":{"start":{"line":15,"column":0},"end":{"line":15,"column":33}}},"fnMap":{"0":{"name":"sumArrayPlusOne","decl":{"start":{"line":3,"column":9},"end":{"line":3,"column":24}},"loc":{"start":{"line":3,"column":32},"end":{"line":13,"column":1}},"line":3},"1":{"name":"(anonymous_1)","decl":{"start":{"line":5,"column":16},"end":{"line":5,"column":17}},"loc":{"start":{"line":5,"column":29},"end":{"line":7,"column":3}},"line":5},"2":{"name":"(anonymous_2)","decl":{"start":{"line":9,"column":19},"end":{"line":9,"column":20}},"loc":{"start":{"line":9,"column":31},"end":{"line":11,"column":3}},"line":9}},"branchMap":{},"s":{"0":1,"1":1,"2":2,"3":1,"4":1,"5":2,"6":1,"7":1},"f":{"0":1,"1":2,"2":2},"b":{},"_coverageSchema":"1a1c01bbd47fc00a2c39e90264f33305004495a9","hash":"087a6070816c9d566e6a315a5f68f771f5312351"}
}
