TN:
SF:tasks\canScramble\canScramble.js
FN:1,canScramble
FNF:1
FNH:1
FNDA:3,canScramble
DA:2,3
DA:5,1
LF:2
LH:2
BRF:0
BRH:0
end_of_record
TN:
SF:tasks\fibonacci\fibonacci.js
FN:1,fibonacci
FNF:1
FNH:1
FNDA:2,fibonacci
DA:2,2
DA:4,2
DA:5,1
DA:6,13
DA:9,2
DA:12,1
LF:6
LH:6
BRDA:4,0,0,1
BRDA:4,0,1,1
BRF:2
BRH:2
end_of_record
TN:
SF:tasks\fizzBuzz\fizzBuzz.js
FN:2,fizzBuzz
FNF:1
FNH:1
FNDA:2,fizzBuzz
DA:3,2
DA:4,2
DA:5,202
DA:6,14
DA:8,188
DA:9,54
DA:11,134
DA:13,28
DA:15,106
DA:17,2
DA:20,1
LF:11
LH:11
BRDA:5,0,0,14
BRDA:5,0,1,188
BRDA:5,1,0,202
BRDA:5,1,1,68
BRDA:8,2,0,54
BRDA:8,2,1,134
BRDA:11,3,0,28
BRDA:11,3,1,106
BRF:8
BRH:8
end_of_record
TN:
SF:tasks\flattenArray\flattenArray.js
FN:1,flattenArray
FNF:1
FNH:1
FNDA:2,flattenArray
DA:2,2
DA:3,2
DA:6,1
LF:3
LH:3
BRF:0
BRH:0
end_of_record
TN:
SF:tasks\flipBit\flipBit.js
FN:1,flipBit
FNF:1
FNH:1
FNDA:1,flipBit
DA:2,1
DA:6,1
LF:2
LH:2
BRF:0
BRH:0
end_of_record
TN:
SF:tasks\integer-length\integer-length.js
FN:1,integerLength
FNF:1
FNH:1
FNDA:1,integerLength
DA:2,1
DA:5,1
LF:2
LH:2
BRF:0
BRH:0
end_of_record
TN:
SF:tasks\primeNumber\primeNumber.js
FN:1,isPrimeNumber
FNF:1
FNH:1
FNDA:6,isPrimeNumber
DA:2,6
DA:3,6
DA:4,5
DA:5,66
DA:6,2
DA:7,2
DA:10,5
DA:13,1
LF:8
LH:8
BRDA:3,0,0,1
BRDA:3,0,1,5
BRDA:3,1,0,6
BRDA:3,1,1,6
BRDA:5,2,0,2
BRDA:5,2,1,64
BRF:6
BRH:6
end_of_record
TN:
SF:tasks\reverseWord\reverseWord.js
FN:1,reverseWord
FNF:1
FNH:1
FNDA:1,reverseWord
DA:2,1
DA:5,1
LF:2
LH:2
BRF:0
BRH:0
end_of_record
TN:
SF:tasks\sort-array\sort-array.js
FN:1,sortAndFind
FN:2,(anonymous_1)
FN:3,(anonymous_2)
FNF:3
FNH:3
FNDA:1,sortAndFind
FNDA:7,(anonymous_1)
FNDA:5,(anonymous_2)
DA:2,7
DA:3,5
DA:4,1
DA:5,1
DA:9,1
LF:5
LH:5
BRF:0
BRH:0
end_of_record
TN:
SF:tasks\sum-of-array-plus-one\sum-array.js
FN:3,sumArrayPlusOne
FN:5,(anonymous_1)
FN:9,(anonymous_2)
FNF:3
FNH:3
FNDA:1,sumArrayPlusOne
FNDA:2,(anonymous_1)
FNDA:2,(anonymous_2)
DA:4,1
DA:5,1
DA:6,2
DA:8,1
DA:9,1
DA:10,2
DA:12,1
DA:15,1
LF:8
LH:8
BRF:0
BRH:0
end_of_record
